<?xml version="1.0" encoding="UTF-8"?>
<testsuite xmlns:xsi="http://www.w3.org/2001/XMLSchema-instance" xsi:noNamespaceSchemaLocation="https://maven.apache.org/surefire/maven-surefire-plugin/xsd/surefire-test-report-3.0.xsd" version="3.0" name="Scenario: User input invalid credential" time="0.128" tests="6" errors="0" skipped="4" failures="0">
  <properties>
[...]
</properties>
  <testcase name="testApp" classname="com.nafihermawan.OrangeHRMCucumber.OrangeHRMCucumber.AppTest" time="0.003"/>
  <testcase name="Given user open the web page" classname="Scenario: User input invalid credential" time="0">
    <skipped/>
    <system-out><![CDATA[@Login
Feature: Login
]]></system-out>
  </testcase>
  <testcase name="When user input &quot;Admin&quot; as username and &quot;admin&quot; as password" classname="Scenario: User input invalid credential" time="0">
    <skipped/>
  </testcase>
  <testcase name="Then user see error message" classname="Scenario: User input invalid credential" time="0">
    <skipped/>
  </testcase>
  <testcase name="" classname="Scenario: User input invalid credential" time="0">
    <skipped/>
  </testcase>
  <testcase name="" classname="Scenario: User input invalid credential" time="0"/>
</testsuite>